[2025-10-25T09:46:46.097+0100] {local_task_job_runner.py:123} INFO - ::group::Pre task execution logs
[2025-10-25T09:46:46.103+0100] {taskinstance.py:2612} INFO - Dependencies all met for dep_context=non-requeueable deps ti=<TaskInstance: CrossComms.add_nine scheduled__2025-10-24T00:00:00+00:00 [queued]>
[2025-10-25T09:46:46.107+0100] {taskinstance.py:2612} INFO - Dependencies all met for dep_context=requeueable deps ti=<TaskInstance: CrossComms.add_nine scheduled__2025-10-24T00:00:00+00:00 [queued]>
[2025-10-25T09:46:46.107+0100] {taskinstance.py:2865} INFO - Starting attempt 1 of 1
[2025-10-25T09:46:46.117+0100] {taskinstance.py:2888} INFO - Executing <Task(PythonOperator): add_nine> on 2025-10-24 00:00:00+00:00
[2025-10-25T09:46:46.119+0100] {standard_task_runner.py:72} INFO - Started process 2531 to run task
[2025-10-25T09:46:46.122+0100] {standard_task_runner.py:104} INFO - Running: ['airflow', 'tasks', 'run', 'CrossComms', 'add_nine', 'scheduled__2025-10-24T00:00:00+00:00', '--job-id', '106', '--raw', '--subdir', 'DAGS_FOLDER/crossComms.py', '--cfg-path', '/tmp/tmp5soiveiq']
[2025-10-25T09:46:46.124+0100] {standard_task_runner.py:105} INFO - Job 106: Subtask add_nine
[2025-10-25T09:46:46.156+0100] {task_command.py:467} INFO - Running <TaskInstance: CrossComms.add_nine scheduled__2025-10-24T00:00:00+00:00 [running]> on host AZZ-PTT-1.localdomain
[2025-10-25T09:46:46.200+0100] {taskinstance.py:3131} INFO - Exporting env vars: AIRFLOW_CTX_DAG_OWNER='The Engineer' AIRFLOW_CTX_DAG_ID='CrossComms' AIRFLOW_CTX_TASK_ID='add_nine' AIRFLOW_CTX_EXECUTION_DATE='2025-10-24T00:00:00+00:00' AIRFLOW_CTX_TRY_NUMBER='1' AIRFLOW_CTX_DAG_RUN_ID='scheduled__2025-10-24T00:00:00+00:00'
[2025-10-25T09:46:46.201+0100] {taskinstance.py:731} INFO - ::endgroup::
[2025-10-25T09:46:46.212+0100] {logging_mixin.py:190} INFO - Value None!
[2025-10-25T09:46:46.212+0100] {taskinstance.py:3310} ERROR - Task failed with exception
Traceback (most recent call last):
  File "/home/engineer/project/airflow_env/lib/python3.12/site-packages/airflow/models/taskinstance.py", line 767, in _execute_task
    result = _execute_callable(context=context, **execute_callable_kwargs)
             ^^^^^^^^^^^^^^^^^^^^^^^^^^^^^^^^^^^^^^^^^^^^^^^^^^^^^^^^^^^^^
  File "/home/engineer/project/airflow_env/lib/python3.12/site-packages/airflow/models/taskinstance.py", line 733, in _execute_callable
    return ExecutionCallableRunner(
           ^^^^^^^^^^^^^^^^^^^^^^^^
  File "/home/engineer/project/airflow_env/lib/python3.12/site-packages/airflow/utils/operator_helpers.py", line 252, in run
    return self.func(*args, **kwargs)
           ^^^^^^^^^^^^^^^^^^^^^^^^^^
  File "/home/engineer/project/airflow_env/lib/python3.12/site-packages/airflow/models/baseoperator.py", line 406, in wrapper
    return func(self, *args, **kwargs)
           ^^^^^^^^^^^^^^^^^^^^^^^^^^^
  File "/home/engineer/project/airflow_env/lib/python3.12/site-packages/airflow/operators/python.py", line 238, in execute
    return_value = self.execute_callable()
                   ^^^^^^^^^^^^^^^^^^^^^^^
  File "/home/engineer/project/airflow_env/lib/python3.12/site-packages/airflow/operators/python.py", line 256, in execute_callable
    return runner.run(*self.op_args, **self.op_kwargs)
           ^^^^^^^^^^^^^^^^^^^^^^^^^^^^^^^^^^^^^^^^^^^
  File "/home/engineer/project/airflow_env/lib/python3.12/site-packages/airflow/utils/operator_helpers.py", line 252, in run
    return self.func(*args, **kwargs)
           ^^^^^^^^^^^^^^^^^^^^^^^^^^
  File "/home/engineer/project/airflow_home/dags/crossComms.py", line 27, in add_nine
    print(value - 9)
          ~~~~~~^~~
TypeError: unsupported operand type(s) for -: 'NoneType' and 'int'
[2025-10-25T09:46:46.216+0100] {taskinstance.py:1225} INFO - Marking task as FAILED. dag_id=CrossComms, task_id=add_nine, run_id=scheduled__2025-10-24T00:00:00+00:00, execution_date=20251024T000000, start_date=20251025T084646, end_date=20251025T084646
[2025-10-25T09:46:46.224+0100] {taskinstance.py:340} INFO - ::group::Post task execution logs
[2025-10-25T09:46:46.224+0100] {standard_task_runner.py:124} ERROR - Failed to execute job 106 for task add_nine (unsupported operand type(s) for -: 'NoneType' and 'int'; 2531)
Traceback (most recent call last):
  File "/home/engineer/project/airflow_env/lib/python3.12/site-packages/airflow/task/task_runner/standard_task_runner.py", line 117, in _start_by_fork
    ret = args.func(args, dag=self.dag)
          ^^^^^^^^^^^^^^^^^^^^^^^^^^^^^
  File "/home/engineer/project/airflow_env/lib/python3.12/site-packages/airflow/cli/cli_config.py", line 49, in command
    return func(*args, **kwargs)
           ^^^^^^^^^^^^^^^^^^^^^
  File "/home/engineer/project/airflow_env/lib/python3.12/site-packages/airflow/utils/cli.py", line 115, in wrapper
    return f(*args, **kwargs)
           ^^^^^^^^^^^^^^^^^^
  File "/home/engineer/project/airflow_env/lib/python3.12/site-packages/airflow/cli/commands/task_command.py", line 483, in task_run
    task_return_code = _run_task_by_selected_method(args, _dag, ti)
                       ^^^^^^^^^^^^^^^^^^^^^^^^^^^^^^^^^^^^^^^^^^^^
  File "/home/engineer/project/airflow_env/lib/python3.12/site-packages/airflow/cli/commands/task_command.py", line 256, in _run_task_by_selected_method
    return _run_raw_task(args, ti)
           ^^^^^^^^^^^^^^^^^^^^^^^
  File "/home/engineer/project/airflow_env/lib/python3.12/site-packages/airflow/cli/commands/task_command.py", line 341, in _run_raw_task
    return ti._run_raw_task(
           ^^^^^^^^^^^^^^^^^
  File "/home/engineer/project/airflow_env/lib/python3.12/site-packages/airflow/utils/session.py", line 97, in wrapper
    return func(*args, session=session, **kwargs)
           ^^^^^^^^^^^^^^^^^^^^^^^^^^^^^^^^^^^^^^
  File "/home/engineer/project/airflow_env/lib/python3.12/site-packages/airflow/models/taskinstance.py", line 3004, in _run_raw_task
    return _run_raw_task(
           ^^^^^^^^^^^^^^
  File "/home/engineer/project/airflow_env/lib/python3.12/site-packages/airflow/models/taskinstance.py", line 273, in _run_raw_task
    TaskInstance._execute_task_with_callbacks(
  File "/home/engineer/project/airflow_env/lib/python3.12/site-packages/airflow/models/taskinstance.py", line 3158, in _execute_task_with_callbacks
    result = self._execute_task(context, task_orig)
             ^^^^^^^^^^^^^^^^^^^^^^^^^^^^^^^^^^^^^^
  File "/home/engineer/project/airflow_env/lib/python3.12/site-packages/airflow/models/taskinstance.py", line 3182, in _execute_task
    return _execute_task(self, context, task_orig)
           ^^^^^^^^^^^^^^^^^^^^^^^^^^^^^^^^^^^^^^^
  File "/home/engineer/project/airflow_env/lib/python3.12/site-packages/airflow/models/taskinstance.py", line 767, in _execute_task
    result = _execute_callable(context=context, **execute_callable_kwargs)
             ^^^^^^^^^^^^^^^^^^^^^^^^^^^^^^^^^^^^^^^^^^^^^^^^^^^^^^^^^^^^^
  File "/home/engineer/project/airflow_env/lib/python3.12/site-packages/airflow/models/taskinstance.py", line 733, in _execute_callable
    return ExecutionCallableRunner(
           ^^^^^^^^^^^^^^^^^^^^^^^^
  File "/home/engineer/project/airflow_env/lib/python3.12/site-packages/airflow/utils/operator_helpers.py", line 252, in run
    return self.func(*args, **kwargs)
           ^^^^^^^^^^^^^^^^^^^^^^^^^^
  File "/home/engineer/project/airflow_env/lib/python3.12/site-packages/airflow/models/baseoperator.py", line 406, in wrapper
    return func(self, *args, **kwargs)
           ^^^^^^^^^^^^^^^^^^^^^^^^^^^
  File "/home/engineer/project/airflow_env/lib/python3.12/site-packages/airflow/operators/python.py", line 238, in execute
    return_value = self.execute_callable()
                   ^^^^^^^^^^^^^^^^^^^^^^^
  File "/home/engineer/project/airflow_env/lib/python3.12/site-packages/airflow/operators/python.py", line 256, in execute_callable
    return runner.run(*self.op_args, **self.op_kwargs)
           ^^^^^^^^^^^^^^^^^^^^^^^^^^^^^^^^^^^^^^^^^^^
  File "/home/engineer/project/airflow_env/lib/python3.12/site-packages/airflow/utils/operator_helpers.py", line 252, in run
    return self.func(*args, **kwargs)
           ^^^^^^^^^^^^^^^^^^^^^^^^^^
  File "/home/engineer/project/airflow_home/dags/crossComms.py", line 27, in add_nine
    print(value - 9)
          ~~~~~~^~~
TypeError: unsupported operand type(s) for -: 'NoneType' and 'int'
[2025-10-25T09:46:46.256+0100] {local_task_job_runner.py:266} INFO - Task exited with return code 1
[2025-10-25T09:46:46.263+0100] {taskinstance.py:3900} INFO - 0 downstream tasks scheduled from follow-on schedule check
[2025-10-25T09:46:46.264+0100] {local_task_job_runner.py:245} INFO - ::endgroup::
